<?xml version="1.0" encoding="UTF-8"?>
<!-- Generated by org.testng.reporters.JUnitXMLReporter -->
<testsuite ignored="0" hostname="DESKTOP-QHOC536" failures="0" tests="6" name="Default test" time="37.189" errors="0" timestamp="2020-11-28T21:19:39 IST">
  <testcase classname="testcases.GetTableCellTextTest" name="InsertCompanyGetContactApp" time="5.15"/>
  <testcase classname="testcases.GetTableCellTextTest" name="InsertCompanyGetCountryApp" time="4.652"/>
  <testcase classname="testcases.GetTableCellTextTest" name="InsertContactGetCompanyApp" time="4.231"/>
  <testcase classname="testcases.GetTableCellTextTest" name="InsertContactGetCountryApp" time="4.6"/>
  <testcase classname="testcases.GetTableCellTextTest" name="InsertCountryGetCompanyApp" time="4.421"/>
  <testcase classname="testcases.GetTableCellTextTest" name="InsertCountryGetContactApp" time="4.63"/>
</testsuite> <!-- Default test -->
