<?xml version="1.0" encoding="UTF-8"?>
<!-- Generated by org.testng.reporters.JUnitXMLReporter -->
<testsuite ignored="0" hostname="DESKTOP-QHOC536" failures="0" tests="6" name="Default test" time="22.377" errors="0" timestamp="2020-12-03T20:33:17 IST">
  <testcase classname="testcases.GetTableCellTextByXpathTest" name="InsertCompanyGetContactApp" time="2.157"/>
  <testcase classname="testcases.GetTableCellTextByXpathTest" name="InsertCompanyGetCountryApp" time="2.378"/>
  <testcase classname="testcases.GetTableCellTextByXpathTest" name="InsertContactGetCompanyApp" time="2.115"/>
  <testcase classname="testcases.GetTableCellTextByXpathTest" name="InsertContactGetCountryApp" time="1.981"/>
  <testcase classname="testcases.GetTableCellTextByXpathTest" name="InsertCountryGetCompanyApp" time="2.169"/>
  <testcase classname="testcases.GetTableCellTextByXpathTest" name="InsertCountryGetContactApp" time="2.124"/>
</testsuite> <!-- Default test -->
