<?xml version="1.0" encoding="UTF-8"?>
<testng-results ignored="0" total="1" passed="1" failed="0" skipped="0">
  <reporter-output>
  </reporter-output>
  <suite started-at="2020-11-28T19:50:28 IST" name="Default suite" finished-at="2020-11-28T19:50:43 IST" duration-ms="14298">
    <groups>
    </groups>
    <test started-at="2020-11-28T19:50:28 IST" name="Default test" finished-at="2020-11-28T19:50:43 IST" duration-ms="14298">
      <class name="testcases.VerifyTableCellTextTest">
        <test-method is-config="true" signature="setUpSuite()[pri:0, instance:testcases.VerifyTableCellTextTest@dd0c991]" started-at="2020-11-28T19:50:28 IST" name="setUpSuite" finished-at="2020-11-28T19:50:28 IST" duration-ms="597" status="PASS">
          <reporter-output>
          </reporter-output>
        </test-method> <!-- setUpSuite -->
        <test-method is-config="true" signature="seExtent()[pri:0, instance:testcases.VerifyTableCellTextTest@dd0c991]" started-at="2020-11-28T19:50:28 IST" name="seExtent" finished-at="2020-11-28T19:50:28 IST" duration-ms="122" status="PASS">
          <reporter-output>
          </reporter-output>
        </test-method> <!-- seExtent -->
        <test-method is-config="true" signature="setupApplication()[pri:0, instance:testcases.VerifyTableCellTextTest@dd0c991]" started-at="2020-11-28T19:50:28 IST" name="setupApplication" finished-at="2020-11-28T19:50:37 IST" duration-ms="8927" status="PASS">
          <reporter-output>
          </reporter-output>
        </test-method> <!-- setupApplication -->
        <test-method signature="InsertCompanyGetContactApp()[pri:0, instance:testcases.VerifyTableCellTextTest@dd0c991]" started-at="2020-11-28T19:50:37 IST" name="InsertCompanyGetContactApp" finished-at="2020-11-28T19:50:41 IST" duration-ms="4048" status="PASS">
          <reporter-output>
          </reporter-output>
        </test-method> <!-- InsertCompanyGetContactApp -->
        <test-method is-config="true" signature="tearDownMethod(org.testng.ITestResult)[pri:0, instance:testcases.VerifyTableCellTextTest@dd0c991]" started-at="2020-11-28T19:50:41 IST" name="tearDownMethod" finished-at="2020-11-28T19:50:41 IST" duration-ms="10" status="PASS">
          <params>
            <param index="0">
              <value>
                <![CDATA[[TestResult name=InsertCompanyGetContactApp status=SUCCESS method=VerifyTableCellTextTest.InsertCompanyGetContactApp()[pri:0, instance:testcases.VerifyTableCellTextTest@dd0c991] output={null}]]]>
              </value>
            </param>
          </params>
          <reporter-output>
          </reporter-output>
        </test-method> <!-- tearDownMethod -->
        <test-method is-config="true" signature="tearDown()[pri:0, instance:testcases.VerifyTableCellTextTest@dd0c991]" started-at="2020-11-28T19:50:41 IST" name="tearDown" finished-at="2020-11-28T19:50:42 IST" duration-ms="823" status="PASS">
          <reporter-output>
          </reporter-output>
        </test-method> <!-- tearDown -->
        <test-method is-config="true" signature="endReport()[pri:0, instance:testcases.VerifyTableCellTextTest@dd0c991]" started-at="2020-11-28T19:50:42 IST" name="endReport" finished-at="2020-11-28T19:50:43 IST" duration-ms="325" status="PASS">
          <reporter-output>
          </reporter-output>
        </test-method> <!-- endReport -->
      </class> <!-- testcases.VerifyTableCellTextTest -->
    </test> <!-- Default test -->
  </suite> <!-- Default suite -->
</testng-results>
