<?xml version="1.0" encoding="UTF-8"?>
<testng-results ignored="0" total="1" passed="1" failed="0" skipped="0">
  <reporter-output>
  </reporter-output>
  <suite started-at="2020-11-27T23:54:04 IST" name="Default suite" finished-at="2020-11-27T23:54:14 IST" duration-ms="9956">
    <groups>
    </groups>
    <test started-at="2020-11-27T23:54:04 IST" name="Default test" finished-at="2020-11-27T23:54:14 IST" duration-ms="9956">
      <class name="testcases.PrintTest">
        <test-method is-config="true" signature="setUpSuite()[pri:0, instance:testcases.PrintTest@dd0c991]" started-at="2020-11-27T23:54:04 IST" name="setUpSuite" finished-at="2020-11-27T23:54:04 IST" duration-ms="448" status="PASS">
          <reporter-output>
          </reporter-output>
        </test-method> <!-- setUpSuite -->
        <test-method is-config="true" signature="seExtent()[pri:0, instance:testcases.PrintTest@dd0c991]" started-at="2020-11-27T23:54:04 IST" name="seExtent" finished-at="2020-11-27T23:54:04 IST" duration-ms="109" status="PASS">
          <reporter-output>
          </reporter-output>
        </test-method> <!-- seExtent -->
        <test-method is-config="true" signature="setupApplication()[pri:0, instance:testcases.PrintTest@dd0c991]" started-at="2020-11-27T23:54:04 IST" name="setupApplication" finished-at="2020-11-27T23:54:13 IST" duration-ms="8537" status="PASS">
          <reporter-output>
          </reporter-output>
        </test-method> <!-- setupApplication -->
        <test-method signature="PrintApp()[pri:0, instance:testcases.PrintTest@dd0c991]" started-at="2020-11-27T23:54:13 IST" name="PrintApp" finished-at="2020-11-27T23:54:13 IST" duration-ms="360" status="PASS">
          <reporter-output>
          </reporter-output>
        </test-method> <!-- PrintApp -->
        <test-method is-config="true" signature="tearDownMethod(org.testng.ITestResult)[pri:0, instance:testcases.PrintTest@dd0c991]" started-at="2020-11-27T23:54:13 IST" name="tearDownMethod" finished-at="2020-11-27T23:54:13 IST" duration-ms="6" status="PASS">
          <params>
            <param index="0">
              <value>
                <![CDATA[[TestResult name=PrintApp status=SUCCESS method=PrintTest.PrintApp()[pri:0, instance:testcases.PrintTest@dd0c991] output={null}]]]>
              </value>
            </param>
          </params>
          <reporter-output>
          </reporter-output>
        </test-method> <!-- tearDownMethod -->
        <test-method is-config="true" signature="tearDown()[pri:0, instance:testcases.PrintTest@dd0c991]" started-at="2020-11-27T23:54:13 IST" name="tearDown" finished-at="2020-11-27T23:54:14 IST" duration-ms="662" status="PASS">
          <reporter-output>
          </reporter-output>
        </test-method> <!-- tearDown -->
        <test-method is-config="true" signature="endReport()[pri:0, instance:testcases.PrintTest@dd0c991]" started-at="2020-11-27T23:54:14 IST" name="endReport" finished-at="2020-11-27T23:54:14 IST" duration-ms="237" status="PASS">
          <reporter-output>
          </reporter-output>
        </test-method> <!-- endReport -->
      </class> <!-- testcases.PrintTest -->
    </test> <!-- Default test -->
  </suite> <!-- Default suite -->
</testng-results>
